<?xml version="1.0" encoding="UTF-8"?>
<coverage generated="1627932332022" clover="3.2.0">
  <project timestamp="1627932332022" name="All files">
    <metrics statements="15" coveredstatements="15" conditionals="0" coveredconditionals="0" methods="8" coveredmethods="8" elements="23" coveredelements="23" complexity="0" loc="15" ncloc="15" packages="1" files="2" classes="2"/>
    <file name="account.js" path="/Users/frankmckenna/Desktop/gitdir/Projects/bank-tech-test-js/src/account.js">
      <metrics statements="10" coveredstatements="10" conditionals="0" coveredconditionals="0" methods="4" coveredmethods="4"/>
      <line num="1" count="2" type="stmt"/>
      <line num="5" count="5" type="stmt"/>
      <line num="6" count="5" type="stmt"/>
      <line num="7" count="5" type="stmt"/>
      <line num="11" count="4" type="stmt"/>
      <line num="12" count="4" type="stmt"/>
      <line num="16" count="2" type="stmt"/>
      <line num="17" count="2" type="stmt"/>
      <line num="21" count="6" type="stmt"/>
      <line num="25" count="2" type="stmt"/>
    </file>
    <file name="transaction.js" path="/Users/frankmckenna/Desktop/gitdir/Projects/bank-tech-test-js/src/transaction.js">
      <metrics statements="5" coveredstatements="5" conditionals="0" coveredconditionals="0" methods="4" coveredmethods="4"/>
      <line num="3" count="5" type="stmt"/>
      <line num="7" count="4" type="stmt"/>
      <line num="11" count="2" type="stmt"/>
      <line num="16" count="6" type="stmt"/>
      <line num="20" count="2" type="stmt"/>
    </file>
  </project>
</coverage>
