<?xml version="1.0" encoding="UTF-8"?>
<coverage generated="1628087405297" clover="3.2.0">
  <project timestamp="1628087405297" name="All files">
    <metrics statements="19" coveredstatements="19" conditionals="3" coveredconditionals="3" methods="9" coveredmethods="9" elements="31" coveredelements="31" complexity="0" loc="19" ncloc="19" packages="1" files="2" classes="2"/>
    <file name="account.js" path="/Users/frankmckenna/Desktop/gitdir/Projects/bank-tech-test-js/src/account.js">
      <metrics statements="14" coveredstatements="14" conditionals="3" coveredconditionals="3" methods="5" coveredmethods="5"/>
      <line num="2" count="2" type="stmt"/>
      <line num="6" count="7" type="stmt"/>
      <line num="7" count="7" type="stmt"/>
      <line num="8" count="7" type="stmt"/>
      <line num="12" count="6" type="stmt"/>
      <line num="13" count="6" type="stmt"/>
      <line num="17" count="5" type="cond" truecount="2" falsecount="0"/>
      <line num="18" count="1" type="stmt"/>
      <line num="20" count="4" type="stmt"/>
      <line num="21" count="4" type="stmt"/>
      <line num="26" count="10" type="stmt"/>
      <line num="30" count="1" type="stmt"/>
      <line num="31" count="1" type="stmt"/>
      <line num="35" count="2" type="stmt"/>
    </file>
    <file name="transaction.js" path="/Users/frankmckenna/Desktop/gitdir/Projects/bank-tech-test-js/src/transaction.js">
      <metrics statements="5" coveredstatements="5" conditionals="0" coveredconditionals="0" methods="4" coveredmethods="4"/>
      <line num="5" count="7" type="stmt"/>
      <line num="9" count="6" type="stmt"/>
      <line num="13" count="4" type="stmt"/>
      <line num="17" count="10" type="stmt"/>
      <line num="21" count="2" type="stmt"/>
    </file>
  </project>
</coverage>
