TN:
SF:src/account.js
FN:4,(anonymous_0)
FN:10,(anonymous_1)
FN:15,(anonymous_2)
FN:20,(anonymous_3)
FN:24,(anonymous_4)
FNF:5
FNH:5
FNDA:6,(anonymous_0)
FNDA:6,(anonymous_1)
FNDA:4,(anonymous_2)
FNDA:10,(anonymous_3)
FNDA:1,(anonymous_4)
DA:1,2
DA:5,6
DA:6,6
DA:7,6
DA:11,6
DA:12,6
DA:16,4
DA:17,4
DA:21,10
DA:25,1
DA:26,1
DA:30,2
LF:12
LH:12
BRF:0
BRH:0
end_of_record
TN:
SF:src/transaction.js
FN:2,(anonymous_0)
FN:6,(anonymous_1)
FN:10,(anonymous_2)
FN:15,(anonymous_3)
FNF:4
FNH:4
FNDA:6,(anonymous_0)
FNDA:6,(anonymous_1)
FNDA:4,(anonymous_2)
FNDA:10,(anonymous_3)
DA:3,6
DA:7,6
DA:11,4
DA:16,10
DA:20,2
LF:5
LH:5
BRF:0
BRH:0
end_of_record
