TN:
SF:src/account.js
FN:5,(anonymous_0)
FN:11,(anonymous_1)
FN:16,(anonymous_2)
FN:25,(anonymous_3)
FN:29,(anonymous_4)
FN:31,(anonymous_5)
FNF:6
FNH:6
FNDA:7,(anonymous_0)
FNDA:6,(anonymous_1)
FNDA:5,(anonymous_2)
FNDA:10,(anonymous_3)
FNDA:1,(anonymous_4)
FNDA:5,(anonymous_5)
DA:2,2
DA:6,7
DA:7,7
DA:8,7
DA:12,6
DA:13,6
DA:17,5
DA:18,1
DA:20,4
DA:21,4
DA:26,10
DA:30,1
DA:31,5
DA:35,2
LF:14
LH:14
BRDA:5,0,0,7
BRDA:17,1,0,1
BRDA:17,1,1,4
BRF:3
BRH:3
end_of_record
TN:
SF:src/transaction.js
FN:4,(anonymous_0)
FN:8,(anonymous_1)
FN:12,(anonymous_2)
FN:16,(anonymous_3)
FNF:4
FNH:4
FNDA:7,(anonymous_0)
FNDA:6,(anonymous_1)
FNDA:4,(anonymous_2)
FNDA:10,(anonymous_3)
DA:5,7
DA:9,6
DA:13,4
DA:17,10
DA:21,2
LF:5
LH:5
BRF:0
BRH:0
end_of_record
